[35m[1mScanning dependencies of target _swarmie_msgs_generate_messages_check_deps_Waypoint[0m
[  0%] Built target _swarmie_msgs_generate_messages_check_deps_Waypoint
[35m[1mScanning dependencies of target swarmie_msgs_generate_messages_cpp[0m
[ 14%] [34m[1mGenerating C++ code from swarmie_msgs/Waypoint.msg[0m
[ 14%] Built target swarmie_msgs_generate_messages_cpp
[35m[1mScanning dependencies of target swarmie_msgs_generate_messages_nodejs[0m
[ 28%] [34m[1mGenerating Javascript code from swarmie_msgs/Waypoint.msg[0m
[ 28%] Built target swarmie_msgs_generate_messages_nodejs
[35m[1mScanning dependencies of target swarmie_msgs_generate_messages_eus[0m
[ 42%] [34m[1mGenerating EusLisp code from swarmie_msgs/Waypoint.msg[0m
[ 57%] [34m[1mGenerating EusLisp manifest code for swarmie_msgs[0m
[ 57%] Built target swarmie_msgs_generate_messages_eus
[35m[1mScanning dependencies of target swarmie_msgs_generate_messages_lisp[0m
[ 71%] [34m[1mGenerating Lisp code from swarmie_msgs/Waypoint.msg[0m
[ 71%] Built target swarmie_msgs_generate_messages_lisp
[35m[1mScanning dependencies of target swarmie_msgs_generate_messages_py[0m
[ 85%] [34m[1mGenerating Python from MSG swarmie_msgs/Waypoint[0m
[100%] [34m[1mGenerating Python msg __init__.py for swarmie_msgs[0m
[100%] Built target swarmie_msgs_generate_messages_py
[35m[1mScanning dependencies of target swarmie_msgs_generate_messages[0m
[100%] Built target swarmie_msgs_generate_messages
