Symlinking /home/cspooner/Swarmathon-FSU/devel/share/gennodejs/ros/apriltags_ros/_index.js
Symlinking /home/cspooner/Swarmathon-FSU/devel/share/gennodejs/ros/apriltags_ros/msg/_index.js
Symlinking /home/cspooner/Swarmathon-FSU/devel/share/gennodejs/ros/apriltags_ros/msg/AprilTagDetection.js
Symlinking /home/cspooner/Swarmathon-FSU/devel/share/gennodejs/ros/apriltags_ros/msg/AprilTagDetectionArray.js
Symlinking /home/cspooner/Swarmathon-FSU/devel/share/common-lisp/ros/apriltags_ros/msg/AprilTagDetection.lisp
Symlinking /home/cspooner/Swarmathon-FSU/devel/share/common-lisp/ros/apriltags_ros/msg/_package_AprilTagDetection.lisp
Symlinking /home/cspooner/Swarmathon-FSU/devel/share/common-lisp/ros/apriltags_ros/msg/_package_AprilTagDetectionArray.lisp
Symlinking /home/cspooner/Swarmathon-FSU/devel/share/common-lisp/ros/apriltags_ros/msg/_package.lisp
Symlinking /home/cspooner/Swarmathon-FSU/devel/share/common-lisp/ros/apriltags_ros/msg/apriltags_ros-msg.asd
Symlinking /home/cspooner/Swarmathon-FSU/devel/share/common-lisp/ros/apriltags_ros/msg/AprilTagDetectionArray.lisp
Symlinking /home/cspooner/Swarmathon-FSU/devel/share/apriltags_ros/cmake/apriltags_rosConfig.cmake
Symlinking /home/cspooner/Swarmathon-FSU/devel/share/apriltags_ros/cmake/apriltags_ros-msg-extras.cmake
Symlinking /home/cspooner/Swarmathon-FSU/devel/share/apriltags_ros/cmake/apriltags_rosConfig-version.cmake
Symlinking /home/cspooner/Swarmathon-FSU/devel/share/apriltags_ros/cmake/apriltags_ros-msg-paths.cmake
Symlinking /home/cspooner/Swarmathon-FSU/devel/share/roseus/ros/apriltags_ros/manifest.l
Symlinking /home/cspooner/Swarmathon-FSU/devel/share/roseus/ros/apriltags_ros/msg/AprilTagDetection.l
Symlinking /home/cspooner/Swarmathon-FSU/devel/share/roseus/ros/apriltags_ros/msg/AprilTagDetectionArray.l
Symlinking /home/cspooner/Swarmathon-FSU/devel/include/apriltags_ros/AprilTagDetection.h
Symlinking /home/cspooner/Swarmathon-FSU/devel/include/apriltags_ros/AprilTagDetectionArray.h
Symlinking /home/cspooner/Swarmathon-FSU/devel/lib/libapriltag_detector.so
Symlinking /home/cspooner/Swarmathon-FSU/devel/lib/libapriltag_detector_nodelet.so
Symlinking /home/cspooner/Swarmathon-FSU/devel/lib/python2.7/dist-packages/apriltags_ros/__init__.py
Symlinking /home/cspooner/Swarmathon-FSU/devel/lib/python2.7/dist-packages/apriltags_ros/msg/__init__.py
Symlinking /home/cspooner/Swarmathon-FSU/devel/lib/python2.7/dist-packages/apriltags_ros/msg/_AprilTagDetection.py
Symlinking /home/cspooner/Swarmathon-FSU/devel/lib/python2.7/dist-packages/apriltags_ros/msg/_AprilTagDetectionArray.py
Symlinking /home/cspooner/Swarmathon-FSU/devel/lib/apriltags_ros/apriltag_detector_node
Symlinking /home/cspooner/Swarmathon-FSU/devel/lib/pkgconfig/apriltags_ros.pc
